22:50:16,942  INFO Rover:173 - R[1] INITIAL POSITION X:1 Y:2 DIRECTION:N
22:50:16,942  INFO Rover:111 - R[1] LEFT(N) -> W
22:50:16,942  INFO Rover:128 - R[1] MOVE FWD
22:50:16,958  INFO Rover:111 - R[1] LEFT(W) -> S
22:50:16,958  INFO Rover:128 - R[1] MOVE FWD
22:50:16,958  INFO Rover:111 - R[1] LEFT(S) -> E
22:50:16,958  INFO Rover:128 - R[1] MOVE FWD
22:50:16,958  INFO Rover:111 - R[1] LEFT(E) -> N
22:50:16,958  INFO Rover:128 - R[1] MOVE FWD
22:50:16,958  INFO Rover:128 - R[1] MOVE FWD
22:50:16,958  INFO Rover:173 - R[1] FINAL POSITION X:1 Y:3 DIRECTION:N
22:50:16,958  INFO Rover:173 - R[2] INITIAL POSITION X:3 Y:3 DIRECTION:E
22:50:16,958  INFO Rover:128 - R[2] MOVE FWD
22:50:16,958  INFO Rover:128 - R[2] MOVE FWD
22:50:16,958  INFO Rover:120 - R[2] RIGHT(E) -> S
22:50:16,958  INFO Rover:128 - R[2] MOVE FWD
22:50:16,958  INFO Rover:128 - R[2] MOVE FWD
22:50:16,958  INFO Rover:120 - R[2] RIGHT(S) -> W
22:50:16,958  INFO Rover:128 - R[2] MOVE FWD
22:50:16,958  INFO Rover:120 - R[2] RIGHT(W) -> N
22:50:16,958  INFO Rover:120 - R[2] RIGHT(N) -> E
22:50:16,958  INFO Rover:128 - R[2] MOVE FWD
22:50:16,958  INFO Rover:173 - R[2] FINAL POSITION X:5 Y:1 DIRECTION:E
